<?xml version="1.0" encoding="UTF-8"?>
<testng-results ignored="0" total="1" passed="1" failed="0" skipped="0">
  <reporter-output>
  </reporter-output>
  <suite started-at="2024-02-06T19:55:18 IST" name="Default suite" finished-at="2024-02-06T19:55:46 IST" duration-ms="27979">
    <groups>
    </groups>
    <test started-at="2024-02-06T19:55:18 IST" name="Default test" finished-at="2024-02-06T19:55:46 IST" duration-ms="27979">
      <class name="testcases.TC001_LoginTest">
        <test-method is-config="true" signature="launchUrl(java.lang.String)[pri:0, instance:testcases.TC001_LoginTest@1a482e36]" started-at="2024-02-06T19:55:18 IST" name="launchUrl" finished-at="2024-02-06T19:55:36 IST" duration-ms="17937" status="PASS">
          <params>
            <param index="0">
              <value>
                <![CDATA[firefox]]>
              </value>
            </param>
          </params>
          <reporter-output>
          </reporter-output>
        </test-method> <!-- launchUrl -->
        <test-method signature="LoginTest()[pri:0, instance:testcases.TC001_LoginTest@1a482e36]" started-at="2024-02-06T19:55:36 IST" name="LoginTest" finished-at="2024-02-06T19:55:43 IST" duration-ms="7407" status="PASS">
          <reporter-output>
          </reporter-output>
        </test-method> <!-- LoginTest -->
        <test-method is-config="true" signature="closeUrl()[pri:0, instance:testcases.TC001_LoginTest@1a482e36]" started-at="2024-02-06T19:55:43 IST" name="closeUrl" finished-at="2024-02-06T19:55:46 IST" duration-ms="2517" status="PASS">
          <reporter-output>
          </reporter-output>
        </test-method> <!-- closeUrl -->
      </class> <!-- testcases.TC001_LoginTest -->
    </test> <!-- Default test -->
  </suite> <!-- Default suite -->
</testng-results>
